[    0.000000] Initializing cgroup subsys cpuset
[    0.000000] Initializing cgroup subsys cpu
[    0.000000] Initializing cgroup subsys cpuacct
[    0.000000] Linux version 4.4.0-184-generic (buildd@lgw01-amd64-060) (gcc version 5.4.0 20160609 (Ubuntu 5.4.0-6ubuntu1~16.04.12) ) #214-Ubuntu SMP Thu Jun 4 10:14:11 UTC 2020 (Ubuntu 4.4.0-184.214-generic 4.4.223)
[    0.000000] Command line: BOOT_IMAGE=/boot/vmlinuz-4.4.0-184-generic root=LABEL=cloudimg-rootfs ro console=tty1 console=ttyS0
[    0.000000] KERNEL supported cpus:
[    0.000000]   Intel GenuineIntel
[    0.000000]   AMD AuthenticAMD
[    0.000000]   Centaur CentaurHauls
[    0.000000] x86/fpu: xstate_offset[2]:  576, xstate_sizes[2]:  256
[    0.000000] x86/fpu: Supporting XSAVE feature 0x01: 'x87 floating point registers'
[    0.000000] x86/fpu: Supporting XSAVE feature 0x02: 'SSE registers'
[    0.000000] x86/fpu: Supporting XSAVE feature 0x04: 'AVX registers'
[    0.000000] x86/fpu: Enabled xstate features 0x7, context size is 832 bytes, using 'standard' format.
[    0.000000] e820: BIOS-provided physical RAM map:
[    0.000000] BIOS-e820: [mem 0x0000000000000000-0x000000000009fbff] usable
[    0.000000] BIOS-e820: [mem 0x000000000009fc00-0x000000000009ffff] reserved
[    0.000000] BIOS-e820: [mem 0x00000000000f0000-0x00000000000fffff] reserved
[    0.000000] BIOS-e820: [mem 0x0000000000100000-0x000000003ffeffff] usable
[    0.000000] BIOS-e820: [mem 0x000000003fff0000-0x000000003fffffff] ACPI data
[    0.000000] BIOS-e820: [mem 0x00000000fec00000-0x00000000fec00fff] reserved
[    0.000000] BIOS-e820: [mem 0x00000000fee00000-0x00000000fee00fff] reserved
[    0.000000] BIOS-e820: [mem 0x00000000fffc0000-0x00000000ffffffff] reserved
[    0.000000] NX (Execute Disable) protection: active
[    0.000000] SMBIOS 2.5 present.
[    0.000000] Hypervisor detected: KVM
[    0.000000] e820: last_pfn = 0x3fff0 max_arch_pfn = 0x400000000
[    0.000000] MTRR: Disabled
[    0.000000] x86/PAT: MTRRs disabled, skipping PAT initialization too.
[    0.000000] CPU MTRRs all blank - virtualized system.
[    0.000000] x86/PAT: Configuration [0-7]: WB  WT  UC- UC  WB  WT  UC- UC  
[    0.000000] found SMP MP-table at [mem 0x0009fff0-0x0009ffff] mapped at [ffff88000009fff0]
[    0.000000] Scanning 1 areas for low memory corruption
[    0.000000] RAMDISK: [mem 0x362de000-0x37166fff]
[    0.000000] ACPI: Early table checksum verification disabled
[    0.000000] ACPI: RSDP 0x00000000000E0000 000024 (v02 VBOX  )
[    0.000000] ACPI: XSDT 0x000000003FFF0030 00003C (v01 VBOX   VBOXXSDT 00000001 ASL  00000061)
[    0.000000] ACPI: FACP 0x000000003FFF00F0 0000F4 (v04 VBOX   VBOXFACP 00000001 ASL  00000061)
[    0.000000] ACPI: DSDT 0x000000003FFF0470 002325 (v02 VBOX   VBOXBIOS 00000002 INTL 20100528)
[    0.000000] ACPI: FACS 0x000000003FFF0200 000040
[    0.000000] ACPI: FACS 0x000000003FFF0200 000040
[    0.000000] ACPI: APIC 0x000000003FFF0240 00005C (v02 VBOX   VBOXAPIC 00000001 ASL  00000061)
[    0.000000] ACPI: SSDT 0x000000003FFF02A0 0001CC (v01 VBOX   VBOXCPUT 00000002 INTL 20100528)
[    0.000000] No NUMA configuration found
[    0.000000] Faking a node at [mem 0x0000000000000000-0x000000003ffeffff]
[    0.000000] NODE_DATA(0) allocated [mem 0x3ffeb000-0x3ffeffff]
[    0.000000] kvm-clock: Using msrs 4b564d01 and 4b564d00
[    0.000000] kvm-clock: cpu 0, msr 0:3ffe3001, primary cpu clock
[    0.000000] kvm-clock: using sched offset of 4060820615 cycles
[    0.000000] clocksource: kvm-clock: mask: 0xffffffffffffffff max_cycles: 0x1cd42e4dffb, max_idle_ns: 881590591483 ns
[    0.000000] Zone ranges:
[    0.000000]   DMA      [mem 0x0000000000001000-0x0000000000ffffff]
[    0.000000]   DMA32    [mem 0x0000000001000000-0x000000003ffeffff]
[    0.000000]   Normal   empty
[    0.000000]   Device   empty
[    0.000000] Movable zone start for each node
[    0.000000] Early memory node ranges
[    0.000000]   node   0: [mem 0x0000000000001000-0x000000000009efff]
[    0.000000]   node   0: [mem 0x0000000000100000-0x000000003ffeffff]
[    0.000000] Initmem setup node 0 [mem 0x0000000000001000-0x000000003ffeffff]
[    0.000000] ACPI: PM-Timer IO Port: 0x4008
[    0.000000] IOAPIC[0]: apic_id 2, version 32, address 0xfec00000, GSI 0-23
[    0.000000] ACPI: INT_SRC_OVR (bus 0 bus_irq 0 global_irq 2 dfl dfl)
[    0.000000] ACPI: INT_SRC_OVR (bus 0 bus_irq 9 global_irq 9 low level)
[    0.000000] Using ACPI (MADT) for SMP configuration information
[    0.000000] smpboot: Allowing 2 CPUs, 0 hotplug CPUs
[    0.000000] PM: Registered nosave memory: [mem 0x00000000-0x00000fff]
[    0.000000] PM: Registered nosave memory: [mem 0x0009f000-0x0009ffff]
[    0.000000] PM: Registered nosave memory: [mem 0x000a0000-0x000effff]
[    0.000000] PM: Registered nosave memory: [mem 0x000f0000-0x000fffff]
[    0.000000] e820: [mem 0x40000000-0xfebfffff] available for PCI devices
[    0.000000] Booting paravirtualized kernel on KVM
[    0.000000] clocksource: refined-jiffies: mask: 0xffffffff max_cycles: 0xffffffff, max_idle_ns: 7645519600211568 ns
[    0.000000] setup_percpu: NR_CPUS:512 nr_cpumask_bits:512 nr_cpu_ids:2 nr_node_ids:1
[    0.000000] PERCPU: Embedded 33 pages/cpu @ffff88003fc00000 s95448 r8192 d31528 u1048576
[    0.000000] Built 1 zonelists in Node order, mobility grouping on.  Total pages: 257912
[    0.000000] Policy zone: DMA32
[    0.000000] Kernel command line: BOOT_IMAGE=/boot/vmlinuz-4.4.0-184-generic root=LABEL=cloudimg-rootfs ro console=tty1 console=ttyS0
[    0.000000] PID hash table entries: 4096 (order: 3, 32768 bytes)
[    0.000000] Memory: 997664K/1048120K available (8632K kernel code, 1336K rwdata, 4036K rodata, 1492K init, 1292K bss, 50456K reserved, 0K cma-reserved)
[    0.000000] SLUB: HWalign=64, Order=0-3, MinObjects=0, CPUs=2, Nodes=1
[    0.000000] Kernel/User page tables isolation: enabled
[    0.000000] Hierarchical RCU implementation.
[    0.000000] 	Build-time adjustment of leaf fanout to 64.
[    0.000000] 	RCU restricting CPUs from NR_CPUS=512 to nr_cpu_ids=2.
[    0.000000] RCU: Adjusting geometry for rcu_fanout_leaf=64, nr_cpu_ids=2
[    0.000000] NR_IRQS:33024 nr_irqs:440 16
[    0.000000] Console: colour VGA+ 80x25
[    0.000000] console [tty1] enabled
[    0.000000] console [ttyS0] enabled
[    0.000000] tsc: Detected 2711.996 MHz processor
[    0.200105] Calibrating delay loop (skipped) preset value.. 5423.99 BogoMIPS (lpj=10847984)
[    0.202378] pid_max: default: 32768 minimum: 301
[    0.203624] ACPI: Core revision 20150930
[    0.219790] ACPI: 2 ACPI AML tables successfully acquired and loaded
[    0.221657] Security Framework initialized
[    0.222943] Yama: becoming mindful.
[    0.223991] AppArmor: AppArmor initialized
[    0.225273] Dentry cache hash table entries: 131072 (order: 8, 1048576 bytes)
[    0.227913] Inode-cache hash table entries: 65536 (order: 7, 524288 bytes)
[    0.229801] Mount-cache hash table entries: 2048 (order: 2, 16384 bytes)
[    0.231954] Mountpoint-cache hash table entries: 2048 (order: 2, 16384 bytes)
[    0.233806] Initializing cgroup subsys io
[    0.234913] Initializing cgroup subsys memory
[    0.236153] Initializing cgroup subsys devices
[    0.237381] Initializing cgroup subsys freezer
[    0.238705] Initializing cgroup subsys net_cls
[    0.240068] Initializing cgroup subsys perf_event
[    0.241302] Initializing cgroup subsys net_prio
[    0.242703] Initializing cgroup subsys hugetlb
[    0.244052] Initializing cgroup subsys pids
[    0.246404] mce: CPU supports 0 MCE banks
[    0.247591] Last level iTLB entries: 4KB 64, 2MB 8, 4MB 8
[    0.249029] Last level dTLB entries: 4KB 64, 2MB 0, 4MB 0, 1GB 4
[    0.250503] Spectre V1 : Mitigation: usercopy/swapgs barriers and __user pointer sanitization
[    0.252848] Spectre V2 : Mitigation: Full generic retpoline
[    0.254254] Spectre V2 : Spectre v2 / SpectreRSB mitigation: Filling RSB on context switch
[    0.256535] Speculative Store Bypass: Vulnerable
[    0.257886] SRBDS: Unknown: Dependent on hypervisor status
[    0.260206] MDS: Vulnerable: Clear CPU buffers attempted, no microcode
[    0.265585] Freeing SMP alternatives memory: 36K
[    0.274198] ftrace: allocating 32319 entries in 127 pages
[    0.349488] smpboot: APIC(0) Converting physical 0 to logical package 0
[    0.351362] smpboot: Max logical packages: 1
[    0.352894] x2apic enabled
[    0.354160] Switched APIC routing to physical x2apic.
[    0.357097] ..TIMER: vector=0x30 apic1=0 pin1=2 apic2=-1 pin2=-1
[    0.467061] smpboot: CPU0: Intel(R) Core(TM) i5-7200U CPU @ 2.50GHz (family: 0x6, model: 0x8e, stepping: 0x9)
[    0.470891] Performance Events: unsupported p6 CPU model 142 no PMU driver, software events only.
[    0.486731] KVM setup paravirtual spinlock
[    0.489403] x86: Booting SMP configuration:
[    0.490964] .... node  #0, CPUs:      #1
[    0.493039] kvm-clock: cpu 1, msr 0:3ffe3041, secondary cpu clock
[    0.500586] mce: CPU supports 0 MCE banks
[    0.505537] x86: Booted up 1 node, 2 CPUs
[    0.507959] smpboot: Total of 2 processors activated (10847.98 BogoMIPS)
[    0.511841] devtmpfs: initialized
[    0.515186] evm: security.selinux
[    0.516590] evm: security.SMACK64
[    0.517752] evm: security.SMACK64EXEC
[    0.519418] evm: security.SMACK64TRANSMUTE
[    0.521205] evm: security.SMACK64MMAP
[    0.522617] evm: security.ima
[    0.523943] evm: security.capability
[    0.525626] clocksource: jiffies: mask: 0xffffffff max_cycles: 0xffffffff, max_idle_ns: 7645041785100000 ns
[    0.528458] futex hash table entries: 512 (order: 3, 32768 bytes)
[    0.530035] pinctrl core: initialized pinctrl subsystem
[    0.532147] RTC time:  6:11:57, date: 06/24/20
[    0.534042] NET: Registered protocol family 16
[    0.548480] cpuidle: using governor ladder
[    0.561227] cpuidle: using governor menu
[    0.566128] PCCT header not found.
[    0.567821] ACPI: bus type PCI registered
[    0.569503] acpiphp: ACPI Hot Plug PCI Controller Driver version: 0.5
[    0.572097] PCI: Using configuration type 1 for base access
[    0.589644] ACPI: Added _OSI(Module Device)
[    0.591690] ACPI: Added _OSI(Processor Device)
[    0.593722] ACPI: Added _OSI(3.0 _SCP Extensions)
[    0.595615] ACPI: Added _OSI(Processor Aggregator Device)
[    0.598826] ACPI: Executed 1 blocks of module-level executable AML code
[    0.610932] ACPI: Interpreter enabled
[    0.612272] ACPI: (supports S0 S5)
[    0.613571] ACPI: Using IOAPIC for interrupt routing
[    0.615391] PCI: Using host bridge windows from ACPI; if necessary, use "pci=nocrs" and report a bug
[    0.622494] ACPI: PCI Root Bridge [PCI0] (domain 0000 [bus 00-ff])
[    0.624127] acpi PNP0A03:00: _OSC: OS supports [ASPM ClockPM Segments MSI]
[    0.626279] acpi PNP0A03:00: _OSC: not requesting OS control; OS requires [ExtendedConfig ASPM ClockPM MSI]
[    0.628882] acpi PNP0A03:00: fail to add MMCONFIG information, can't access extended PCI configuration space under this bridge.
[    0.632447] PCI host bridge to bus 0000:00
[    0.633682] pci_bus 0000:00: root bus resource [io  0x0000-0x0cf7 window]
[    0.635410] pci_bus 0000:00: root bus resource [io  0x0d00-0xffff window]
[    0.637040] pci_bus 0000:00: root bus resource [mem 0x000a0000-0x000bffff window]
[    0.639404] pci_bus 0000:00: root bus resource [mem 0x40000000-0xfdffffff window]
[    0.641463] pci_bus 0000:00: root bus resource [bus 00-ff]
[    0.645155] pci 0000:00:01.1: legacy IDE quirk: reg 0x10: [io  0x01f0-0x01f7]
[    0.647149] pci 0000:00:01.1: legacy IDE quirk: reg 0x14: [io  0x03f6]
[    0.648807] pci 0000:00:01.1: legacy IDE quirk: reg 0x18: [io  0x0170-0x0177]
[    0.665974] pci 0000:00:01.1: legacy IDE quirk: reg 0x1c: [io  0x0376]
[    0.683321] pci 0000:00:07.0: quirk: [io  0x4000-0x403f] claimed by PIIX4 ACPI
[    0.685286] pci 0000:00:07.0: quirk: [io  0x4100-0x410f] claimed by PIIX4 SMB
[    0.698846] ACPI: PCI Interrupt Link [LNKA] (IRQs 5 9 10 *11)
[    0.702134] ACPI: PCI Interrupt Link [LNKB] (IRQs 5 9 *10 11)
[    0.704333] ACPI: PCI Interrupt Link [LNKC] (IRQs 5 *9 10 11)
[    0.707741] ACPI: PCI Interrupt Link [LNKD] (IRQs 5 9 10 *11)
[    0.709980] ACPI: Enabled 2 GPEs in block 00 to 07
[    0.711680] vgaarb: setting as boot device: PCI:0000:00:02.0
[    0.713001] vgaarb: device added: PCI:0000:00:02.0,decodes=io+mem,owns=io+mem,locks=none
[    0.715106] vgaarb: loaded
[    0.715944] vgaarb: bridge control possible 0000:00:02.0
[    0.717646] SCSI subsystem initialized
[    0.719053] ACPI: bus type USB registered
[    0.720282] usbcore: registered new interface driver usbfs
[    0.722094] usbcore: registered new interface driver hub
[    0.723438] usbcore: registered new device driver usb
[    0.724884] PCI: Using ACPI for IRQ routing
[    0.728658] NetLabel: Initializing
[    0.729677] NetLabel:  domain hash size = 128
[    0.730832] NetLabel:  protocols = UNLABELED CIPSOv4
[    0.732139] NetLabel:  unlabeled traffic allowed by default
[    0.733629] amd_nb: Cannot enumerate AMD northbridges
[    0.735124] clocksource: Switched to clocksource kvm-clock
[    0.745952] AppArmor: AppArmor Filesystem Enabled
[    0.747369] pnp: PnP ACPI init
[    0.749279] pnp: PnP ACPI: found 3 devices
[    0.761300] clocksource: acpi_pm: mask: 0xffffff max_cycles: 0xffffff, max_idle_ns: 2085701024 ns
[    0.763635] NET: Registered protocol family 2
[    0.764964] TCP established hash table entries: 8192 (order: 4, 65536 bytes)
[    0.766655] TCP bind hash table entries: 8192 (order: 5, 131072 bytes)
[    0.768186] TCP: Hash tables configured (established 8192 bind 8192)
[    0.769696] UDP hash table entries: 512 (order: 2, 16384 bytes)
[    0.771099] UDP-Lite hash table entries: 512 (order: 2, 16384 bytes)
[    0.772609] NET: Registered protocol family 1
[    0.773787] pci 0000:00:00.0: Limiting direct PCI/PCI transfers
[    0.775299] pci 0000:00:01.0: Activating ISA DMA hang workarounds
[    0.777037] Unpacking initramfs...
[    1.043968] Freeing initrd memory: 14884K
[    1.045331] clocksource: tsc: mask: 0xffffffffffffffff max_cycles: 0x271782d3887, max_idle_ns: 440795314643 ns
[    1.048241] platform rtc_cmos: registered platform RTC device (no PNP device found)
[    1.050447] Scanning for low memory corruption every 60 seconds
[    1.052500] audit: initializing netlink subsys (disabled)
[    1.053944] audit: type=2000 audit(1592979123.100:1): initialized
[    1.055969] Initialise system trusted keyring
[    1.057373] HugeTLB registered 2 MB page size, pre-allocated 0 pages
[    1.060647] zbud: loaded
[    1.061927] VFS: Disk quotas dquot_6.6.0
[    1.063021] VFS: Dquot-cache hash table entries: 512 (order 0, 4096 bytes)
[    1.065136] squashfs: version 4.0 (2009/01/31) Phillip Lougher
[    1.067108] fuse init (API version 7.23)
[    1.068417] Key type big_key registered
[    1.069609] Allocating IMA MOK and blacklist keyrings.
[    1.072822] Key type asymmetric registered
[    1.073900] Asymmetric key parser 'x509' registered
[    1.075136] Block layer SCSI generic (bsg) driver version 0.4 loaded (major 249)
[    1.077374] io scheduler noop registered
[    1.078421] io scheduler deadline registered (default)
[    1.080049] io scheduler cfq registered
[    1.081158] pci_hotplug: PCI Hot Plug PCI Core version: 0.5
[    1.082499] pciehp: PCI Express Hot Plug Controller Driver version: 0.4
[    1.084401] ACPI: AC Adapter [AC] (on-line)
[    1.085578] input: Power Button as /devices/LNXSYSTM:00/LNXPWRBN:00/input/input0
[    1.087719] ACPI: Power Button [PWRF]
[    1.088790] input: Sleep Button as /devices/LNXSYSTM:00/LNXSLPBN:00/input/input1
[    1.090824] ACPI: Sleep Button [SLPF]
[    1.092370] GHES: HEST is not enabled!
[    1.093391] ACPI: Battery Slot [BAT0] (battery present)
[    1.095983] Serial: 8250/16550 driver, 32 ports, IRQ sharing enabled
[    1.119143] 00:02: ttyS0 at I/O 0x3f8 (irq = 4, base_baud = 115200) is a 16550A
[    1.123911] Linux agpgart interface v0.103
[    1.127986] loop: module loaded
[    1.129954] scsi host0: ata_piix
[    1.131651] scsi host1: ata_piix
[    1.133347] ata1: PATA max UDMA/33 cmd 0x1f0 ctl 0x3f6 bmdma 0xd000 irq 14
[    1.135644] ata2: PATA max UDMA/33 cmd 0x170 ctl 0x376 bmdma 0xd008 irq 15
[    1.137588] libphy: Fixed MDIO Bus: probed
[    1.138879] tun: Universal TUN/TAP device driver, 1.6
[    1.140305] tun: (C) 1999-2004 Max Krasnyansky <maxk@qualcomm.com>
[    1.141957] PPP generic driver version 2.4.2
[    1.143844] ehci_hcd: USB 2.0 'Enhanced' Host Controller (EHCI) Driver
[    1.145367] ehci-pci: EHCI PCI platform driver
[    1.146490] ehci-platform: EHCI generic platform driver
[    1.147828] ohci_hcd: USB 1.1 'Open' Host Controller (OHCI) Driver
[    1.149334] ohci-pci: OHCI PCI platform driver
[    1.150456] ohci-platform: OHCI generic platform driver
[    1.151893] uhci_hcd: USB Universal Host Controller Interface driver
[    1.153403] i8042: PNP: PS/2 Controller [PNP0303:PS2K,PNP0f03:PS2M] at 0x60,0x64 irq 1,12
[    1.156033] serio: i8042 KBD port at 0x60,0x64 irq 1
[    1.157298] serio: i8042 AUX port at 0x60,0x64 irq 12
[    1.158854] mousedev: PS/2 mouse device common for all mice
[    1.160835] input: AT Translated Set 2 keyboard as /devices/platform/i8042/serio0/input/input2
[    1.163539] rtc_cmos rtc_cmos: rtc core: registered rtc_cmos as rtc0
[    1.165079] rtc_cmos rtc_cmos: alarms up to one day, 114 bytes nvram
[    1.166706] i2c /dev entries driver
[    1.167809] device-mapper: uevent: version 1.0.3
[    1.169153] device-mapper: ioctl: 4.34.0-ioctl (2015-10-28) initialised: dm-devel@redhat.com
[    1.171345] ledtrig-cpu: registered to indicate activity on CPUs
[    1.173235] NET: Registered protocol family 10
[    1.174700] NET: Registered protocol family 17
[    1.176004] Key type dns_resolver registered
[    1.177819] registered taskstats version 1
[    1.179172] Loading compiled-in X.509 certificates
[    1.181172] Loaded X.509 cert 'Build time autogenerated kernel key: b6ae09eed57f82583ccd3c65c463e852cdd7a0b5'
[    1.183923] zswap: loaded using pool lzo/zbud
[    1.186885] Key type trusted registered
[    1.190858] Key type encrypted registered
[    1.192015] AppArmor: AppArmor sha1 policy hashing enabled
[    1.193512] ima: No TPM chip found, activating TPM-bypass!
[    1.194819] ima: Allocated hash algorithm: sha1
[    1.196040] evm: HMAC attrs: 0x1
[    1.197324]   Magic number: 8:55:166
[    1.198439] rtc_cmos rtc_cmos: setting system clock to 2020-06-24 06:11:58 UTC (1592979118)
[    1.200959] BIOS EDD facility v0.16 2004-Jun-25, 0 devices found
[    1.202391] EDD information not available.
[    1.321309] Freeing unused kernel memory: 1492K
[    1.323207] Write protecting the kernel read-only data: 14336k
[    1.326312] Freeing unused kernel memory: 1596K
[    1.328324] Freeing unused kernel memory: 60K
Loading, please wait...
starting version 229
[    1.345362] random: systemd-udevd: uninitialized urandom read (16 bytes read, 3 bits of entropy available)
[    1.346181] random: udevadm: uninitialized urandom read (16 bytes read, 3 bits of entropy available)
[    1.346216] random: udevadm: uninitialized urandom read (16 bytes read, 3 bits of entropy available)
[    1.356314] random: systemd-udevd: uninitialized urandom read (16 bytes read, 3 bits of entropy available)
[    1.357562] random: udevadm: uninitialized urandom read (16 bytes read, 3 bits of entropy available)
[    1.357615] random: udevadm: uninitialized urandom read (16 bytes read, 3 bits of entropy available)
[    1.357798] random: udevadm: uninitialized urandom read (16 bytes read, 3 bits of entropy available)
[    1.357868] random: udevadm: uninitialized urandom read (16 bytes read, 3 bits of entropy available)
[    1.357930] random: udevadm: uninitialized urandom read (16 bytes read, 3 bits of entropy available)
[    1.358000] random: udevadm: uninitialized urandom read (16 bytes read, 3 bits of entropy available)
[    1.413416] e1000: Intel(R) PRO/1000 Network Driver - version 7.3.21-k8-NAPI
[    1.415278] e1000: Copyright (c) 1999-2006 Intel Corporation.
[    1.419938] Fusion MPT base driver 3.04.20
[    1.421031] Copyright (c) 1999-2008 LSI Corporation
[    1.464667] Fusion MPT SPI Host driver 3.04.20
[    1.498254] AVX2 version of gcm_enc/dec engaged.
[    1.500070] AES CTR mode by8 optimization enabled
[    1.625124] input: ImExPS/2 Generic Explorer Mouse as /devices/platform/i8042/serio1/input/input4
[    1.883123] e1000 0000:00:03.0 eth0: (PCI:33MHz:32-bit) 02:89:fa:04:16:8f
[    1.885497] e1000 0000:00:03.0 eth0: Intel(R) PRO/1000 Network Connection
[    1.888945] mptbase: ioc0: Initiating bringup
[    1.956524] ioc0: LSI53C1030 A0: Capabilities={Initiator}
[    2.121977] scsi host2: ioc0: LSI53C1030 A0, FwRev=00000000h, Ports=1, MaxQ=256, IRQ=20
[    2.239832] scsi 2:0:0:0: Direct-Access     VBOX     HARDDISK         1.0  PQ: 0 ANSI: 5
[    2.242925] scsi target2:0:0: Beginning Domain Validation
[    2.247154] scsi target2:0:0: Domain Validation skipping write tests
[    2.248774] scsi target2:0:0: Ending Domain Validation
[    2.250210] scsi target2:0:0: asynchronous
[    2.252302] scsi 2:0:1:0: Direct-Access     VBOX     HARDDISK         1.0  PQ: 0 ANSI: 5
[    2.254661] scsi target2:0:1: Beginning Domain Validation
[    2.258149] scsi target2:0:1: Domain Validation skipping write tests
[    2.260236] scsi target2:0:1: Ending Domain Validation
[    2.262169] scsi target2:0:1: asynchronous
[    2.296122] sd 2:0:0:0: Attached scsi generic sg0 type 0
[    2.298282] sd 2:0:1:0: Attached scsi generic sg1 type 0
[    2.300314] sd 2:0:0:0: [sda] 20971520 512-byte logical blocks: (10.7 GB/10.0 GiB)
[    2.303376] sd 2:0:1:0: [sdb] 20480 512-byte logical blocks: (10.5 MB/10.0 MiB)
[    2.306165] sd 2:0:0:0: [sda] Write Protect is off
[    2.307857] sd 2:0:1:0: [sdb] Write Protect is off
[    2.309391] sd 2:0:0:0: [sda] Incomplete mode parameter data
[    2.311789] sd 2:0:0:0: [sda] Assuming drive cache: write through
[    2.314133] sd 2:0:1:0: [sdb] Incomplete mode parameter data
[    2.316108] sd 2:0:1:0: [sdb] Assuming drive cache: write through
[    2.381720]  sda: sda1
[    2.383667] sd 2:0:0:0: [sda] Attached SCSI disk
[    2.407263] sd 2:0:1:0: [sdb] Attached SCSI disk
[    2.650995] e1000 0000:00:08.0 eth1: (PCI:33MHz:32-bit) 08:00:27:5c:ff:4e
[    2.653809] e1000 0000:00:08.0 eth1: Intel(R) PRO/1000 Network Connection
[    2.658457] e1000 0000:00:08.0 enp0s8: renamed from eth1
[    2.671755] e1000 0000:00:03.0 enp0s3: renamed from eth0
Begin: Loading essential drivers ... [    4.420119] md: linear personality registered for level -1
[    4.424895] md: multipath personality registered for level -4
[    4.430756] md: raid0 personality registered for level 0
[    4.438253] md: raid1 personality registered for level 1
[    4.511820] raid6: sse2x1   gen()  6658 MB/s
[    4.579168] raid6: sse2x1   xor()  5103 MB/s
[    4.647516] raid6: sse2x2   gen() 12738 MB/s
[    4.715382] raid6: sse2x2   xor()  8778 MB/s
[    4.783344] raid6: sse2x4   gen() 10926 MB/s
[    4.851611] raid6: sse2x4   xor()  9070 MB/s
[    4.919480] raid6: avx2x1   gen() 19117 MB/s
[    4.987359] raid6: avx2x2   gen() 23563 MB/s
[    5.055751] raid6: avx2x4   gen() 18796 MB/s
[    5.057658] raid6: using algorithm avx2x2 gen() 23563 MB/s
[    5.059586] raid6: using avx2x2 recovery algorithm
[    5.062953] xor: automatically using best checksumming function:
[    5.103553]    avx       : 20592.000 MB/sec
[    5.106462] async_tx: api initialized (async)
[    5.119869] md: raid6 personality registered for level 6
[    5.121736] md: raid5 personality registered for level 5
[    5.123687] md: raid4 personality registered for level 4
[    5.132934] md: raid10 personality registered for level 10
done.
Begin: Running /scripts/init-premount ... done.
Begin: Mounting root file system ... Begin: Running /scripts/local-top ... done.
Begin: Running /scripts/local-premount ... [    5.171954] Btrfs loaded
Scanning for Btrfs filesystems
done.
Warning: fsck not present, so skipping root file system
[    5.259862] EXT4-fs (sda1): INFO: recovery required on readonly filesystem
[    5.264162] EXT4-fs (sda1): write access will be enabled during recovery
[    5.345003] EXT4-fs (sda1): orphan cleanup on readonly fs
[    5.347785] EXT4-fs (sda1): 5 orphan inodes deleted
[    5.350466] EXT4-fs (sda1): recovery complete
[    5.355081] EXT4-fs (sda1): mounted filesystem with ordered data mode. Opts: (null)
done.
Begin: Running /scripts/local-bottom ... done.
Begin: Running /scripts/init-bottom ... done.
[    6.068326] random: nonblocking pool is initialized
[    6.413941] systemd[1]: systemd 229 running in system mode. (+PAM +AUDIT +SELINUX +IMA +APPARMOR +SMACK +SYSVINIT +UTMP +LIBCRYPTSETUP +GCRYPT +GNUTLS +ACL +XZ -LZ4 +SECCOMP +BLKID +ELFUTILS +KMOD -IDN)
[    6.421658] systemd[1]: Detected virtualization oracle.
[    6.424347] systemd[1]: Detected architecture x86-64.

Welcome to [1mUbuntu 16.04.6 LTS[0m!

[    6.530662] systemd[1]: Set hostname to <ubuntu-xenial>.
[    8.052137] systemd[1]: Started Forward Password Requests to Wall Directory Watch.
[[0;32m  OK  [0m] Started Forward Password Requests to Wall Directory Watch.
[    8.055791] systemd[1]: Reached target System Time Synchronized.
[[0;32m  OK  [0m] Reached target System Time Synchronized.
[    8.058571] systemd[1]: Listening on Journal Socket (/dev/log).
[[0;32m  OK  [0m] Listening on Journal Socket (/dev/log).
[    8.068209] systemd[1]: Reached target Swap.
[[0;32m  OK  [0m] Reached target Swap.
[    8.070652] systemd[1]: Listening on udev Control Socket.
[[0;32m  OK  [0m] Listening on udev Control Socket.
[    8.073272] systemd[1]: Reached target Encrypted Volumes.
[[0;32m  OK  [0m] Reached target Encrypted Volumes.
[    8.076008] systemd[1]: Created slice User and Session Slice.
[[0;32m  OK  [0m] Created slice User and Session Slice.
[    8.078527] systemd[1]: Listening on Journal Socket.
[[0;32m  OK  [0m] Listening on Journal Socket.
[    8.088166] systemd[1]: Set up automount Arbitrary Executable File Formats File System Automount Point.
[[0;32m  OK  [0m] Set up automount Arbitrary Executab...ats File System Automount Point.
[    8.092008] systemd[1]: Listening on Device-mapper event daemon FIFOs.
[[0;32m  OK  [0m] Listening on Device-mapper event daemon FIFOs.
[    8.103830] systemd[1]: Created slice System Slice.
[[0;32m  OK  [0m] Created slice System Slice.
[    8.127880] systemd[1]: Starting Uncomplicated firewall...
         Starting Uncomplicated firewall...
[    8.136389] systemd[1]: Mounting Huge Pages File System...
         Mounting Huge Pages File System...
[    8.139590] systemd[1]: Starting Nameserver information manager...
         Starting Nameserver information manager...
[    8.148230] systemd[1]: Mounting POSIX Message Queue File System...
         Mounting POSIX Message Queue File System...
[    8.151877] systemd[1]: Mounting Debug File System...
         Mounting Debug File System...
[    8.181339] systemd[1]: Reached target Slices.
[[0;32m  OK  [0m] Reached target Slices.
[    8.184179] systemd[1]: Created slice system-serial\x2dgetty.slice.
[[0;32m  OK  [0m] Created slice system-serial\x2dgetty.slice.
[    8.200098] systemd[1]: Starting Create list of required static device nodes for the current kernel...
         Starting Create list of required st... nodes for the current kernel...
[    8.205484] systemd[1]: Listening on Syslog Socket.
[[0;32m  OK  [0m] Listening on Syslog Socket.
[    8.215772] systemd[1]: Listening on Journal Audit Socket.
[[0;32m  OK  [0m] Listening on Journal Audit Socket.
[    8.243934] systemd[1]: Starting Journal Service...
         Starting Journal Service...
[    8.246421] systemd[1]: Reached target User and Group Name Lookups.
[[0;32m  OK  [0m] Reached target User and Group Name Lookups.
[    8.256276] systemd[1]: Started Trigger resolvconf update for networkd DNS.
[[0;32m  OK  [0m] Started Trigger resolvconf update for networkd DNS.
[    8.260270] systemd[1]: Starting Remount Root and Kernel File Systems...
         Starting Remount Root and Kernel File Systems...
[    8.264229] systemd[1]: Starting Set console keymap...
         Starting Set console keymap...
[    8.266426] systemd[1]: Listening on /dev/initctl Compatibility Named Pipe.
[[0;32m  OK  [0m] Listening on /dev/initctl Compatibility Named Pipe.
[    8.269256] systemd[1]: Listening on LVM2 metadata daemon socket.
[[0;32m  OK  [0m] Listening on LVM2 metadata daemon socket.
[    8.283555] systemd[1]: Starting Monitoring of LVM2 mirrors, snapshots etc. using dmeventd or progress polling...
         Starting Monitoring of LVM2 mirrors... dmeventd or progress polling...
[    8.287877] systemd[1]: Listening on LVM2 poll daemon socket.
[[0;32m  OK  [0m] Listening on LVM2 poll daemon socket.
[    8.335378] systemd[1]: Starting Load Kernel Modules...
         Starting Load Kernel Modules...
[    8.338138] systemd[1]: Listening on udev Kernel Socket.
[[0;32m  OK  [0m] Listening on udev Kernel Socket.
[    8.342770] systemd[1]: Started Uncomplicated firewall.
[[0;32m  OK  [0m] Started Uncomplicated firewall.
[    8.346169] systemd[1]: Started Create list of required static device nodes for the current kernel.
[[0;32m  OK  [0m] Started Create list of required sta...ce nodes for the current kernel.
[    8.351117] systemd[1]: Starting Create Static Device Nodes in /dev...
         Starting Create Static Device Nodes in /dev...
[    8.394342] EXT4-fs (sda1): re-mounted. Opts: (null)
[    8.394537] systemd[1]: Mounted Huge Pages File System.
[[0;32m  OK  [0m] Mounted Huge Pages File System.
[    8.401127] systemd[1]: Mounted POSIX Message Queue File System.
[[0;32m  OK  [0m] Mounted POSIX Message Queue File System.
[    8.405436] systemd[1]: Mounted Debug File System.
[[0;32m  OK  [0m] Mounted Debug File System.
[    8.420957] systemd[1]: Started Remount Root and Kernel File Systems.
[[0;32m  OK  [0m] Started Remount Root and Kernel File Systems.
[    8.479368] systemd[1]: Starting udev Coldplug all Devices...
         Starting udev Coldplug all Devices...
[    8.483345] systemd[1]: Starting Load/Save Random Seed...
         Starting Load/Save Random Seed...
[    8.506038] Loading iSCSI transport class v2.0-870.
[    8.619631] systemd[1]: Started Nameserver information manager.
[[0;32m  OK  [0m] Started Nameserver information manager.
[    8.659995] iscsi: registered transport (tcp)
[    8.672834] systemd[1]: Started udev Coldplug all Devices.
[[0;32m  OK  [0m] Started udev Coldplug all Devices.
[    8.731365] systemd[1]: Started Set console keymap.
[[0;32m  OK  [0m] Started Set console keymap.
[    8.758817] systemd[1]: Started Load/Save Random Seed.
[[0;32m  OK  [0m] Started Load/Save Random Seed.
[    8.832364] systemd[1]: Started Journal Service.
[[0;32m  OK  [0m] Started Journal Service.
         Starting Flush Journal to Persistent Storage...
[[0;32m  OK  [0m] Started LVM2 metadata daemon.
[    8.978732] systemd-journald[391]: Received request to flush runtime journal from PID 1
[[0;32m  OK  [0m] Started Flush Journal to Persistent Storage.
[    9.119715] iscsi: registered transport (iser)
[[0;32m  OK  [0m] Started Load Kernel Modules.
         Mounting FUSE Control File System...
         Starting Apply Kernel Variables...
[[0;32m  OK  [0m] Mounted FUSE Control File System.
[[0;32m  OK  [0m] Started Apply Kernel Variables.
[[0;32m  OK  [0m] Started Monitoring of LVM2 mirrors,...ng dmeventd or progress polling.
[[0;32m  OK  [0m] Started Create Static Device Nodes in /dev.
         Starting udev Kernel Device Manager...
[[0;32m  OK  [0m] Reached target Local File Systems (Pre).
[[0;32m  OK  [0m] Reached target Local File Systems.
         Starting Tell Plymouth To Write Out Runtime Data...
         Starting Initial cloud-init job (pre-networking)...
         Starting Create Volatile Files and Directories...
         Starting Set console font and keymap...
         Starting LSB: AppArmor initialization...
[[0;32m  OK  [0m] Started Tell Plymouth To Write Out Runtime Data.
[[0;32m  OK  [0m] Started Create Volatile Files and Directories.
         Starting Update UTMP about System Boot/Shutdown...
[[0;32m  OK  [0m] Started Update UTMP about System Boot/Shutdown.
[[0;32m  OK  [0m] Started udev Kernel Device Manager.
[[0;32m  OK  [0m] Started Dispatch Password Requests to Console Directory Watch.
[[0;32m  OK  [0m] Started Set console font and keymap.
[[0;32m  OK  [0m] Created slice system-getty.slice.
[[0;32m  OK  [0m] Found device /dev/ttyS0.
[[0;32m  OK  [0m] Listening on Load/Save RF Kill Switch Status /dev/rfkill Watch.
[[0;32m  OK  [0m] Found device 82540EM Gigabit Ethern...r (PRO/1000 MT Desktop Adapter).
[[0;32m  OK  [0m] Found device 82540EM Gigabit Ethern...r (PRO/1000 MT Desktop Adapter).
[[0;32m  OK  [0m] Started LSB: AppArmor initialization.
[   17.561321] cloud-init[474]: Cloud-init v. 19.4-33-gbb4131a2-0ubuntu1~16.04.1 running 'init-local' at Wed, 24 Jun 2020 06:12:14 +0000. Up 16.59 seconds.
[[0;32m  OK  [0m] Started Initial cloud-init job (pre-networking).
[[0;32m  OK  [0m] Reached target Network (Pre).
         Starting Raise network interfaces...
[[0;32m  OK  [0m] Started ifup for enp0s8.
[[0;32m  OK  [0m] Started ifup for enp0s3.
[[0;32m  OK  [0m] Started Raise network interfaces.
         Starting Initial cloud-init job (metadata service crawler)...
[[0;32m  OK  [0m] Reached target Network.
[   21.306369] cloud-init[1101]: Cloud-init v. 19.4-33-gbb4131a2-0ubuntu1~16.04.1 running 'init' at Wed, 24 Jun 2020 06:12:17 +0000. Up 20.38 seconds.
[   21.317412] cloud-init[1101]: ci-info: ++++++++++++++++++++++++++++++++++++++Net device info+++++++++++++++++++++++++++++++++++++++
[   21.319361] cloud-init[1101]: ci-info: +--------+------+-----------------------------+---------------+--------+-------------------+
[   21.321597] cloud-init[1101]: ci-info: | Device |  Up  |           Address           |      Mask     | Scope  |     Hw-Address    |
[   21.323705] cloud-init[1101]: ci-info: +--------+------+-----------------------------+---------------+--------+-------------------+
[   21.325655] cloud-init[1101]: ci-info: | enp0s3 | True |          10.0.2.15          | 255.255.255.0 | global | 02:89:fa:04:16:8f |
[   21.327608] cloud-init[1101]: ci-info: | enp0s3 | True |  fe80::89:faff:fe04:168f/64 |       .       |  link  | 02:89:fa:04:16:8f |
[   21.329784] cloud-init[1101]: ci-info: | enp0s8 | True |        192.168.33.10        | 255.255.255.0 | global | 08:00:27:5c:ff:4e |
[   21.332106] cloud-init[1101]: ci-info: | enp0s8 | True | fe80::a00:27ff:fe5c:ff4e/64 |       .       |  link  | 08:00:27:5c:ff:4e |
[   21.334800] cloud-init[1101]: ci-info: |   lo   | True |          127.0.0.1          |   255.0.0.0   |  host  |         .         |
[   21.337082] cloud-init[1101]: ci-info: |   lo   | True |           ::1/128           |       .       |  host  |         .         |
[   21.339451] cloud-init[1101]: ci-info: +--------+------+-----------------------------+---------------+--------+-------------------+
[   21.341716] cloud-init[1101]: ci-info: ++++++++++++++++++++++++++++Route IPv4 info++++++++++++++++++++++++++++
[   21.343740] cloud-init[1101]: ci-info: +-------+--------------+----------+---------------+-----------+-------+
[   21.353078] cloud-init[1101]: ci-info: | Route | Destination  | Gateway  |    Genmask    | Interface | Flags |
[   21.355085] cloud-init[1101]: ci-info: +-------+--------------+----------+---------------+-----------+-------+
[   21.363175] cloud-init[1101]: ci-info: |   0   |   0.0.0.0    | 10.0.2.2 |    0.0.0.0    |   enp0s3  |   UG  |
[   21.365472] cloud-init[1101]: ci-info: |   1   |   10.0.2.0   | 0.0.0.0  | 255.255.255.0 |   enp0s3  |   U   |
[   21.367631] cloud-init[1101]: ci-info: |   2   | 192.168.33.0 | 0.0.0.0  | 255.255.255.0 |   enp0s8  |   U   |
[   21.372641] cloud-init[1101]: ci-info: +-------+--------------+----------+---------------+-----------+-------+
[   21.374638] cloud-init[1101]: ci-info: +++++++++++++++++++Route IPv6 info+++++++++++++++++++
[   21.377083] cloud-init[1101]: ci-info: +-------+-------------+---------+-----------+-------+
[   21.378609] cloud-init[1101]: ci-info: | Route | Destination | Gateway | Interface | Flags |
[   21.385240] cloud-init[1101]: ci-info: +-------+-------------+---------+-----------+-------+
[   21.386797] cloud-init[1101]: ci-info: |   0   |  fe80::/64  |    ::   |   enp0s8  |   U   |
[   21.388846] cloud-init[1101]: ci-info: |   1   |  fe80::/64  |    ::   |   enp0s3  |   U   |
[   21.390743] cloud-init[1101]: ci-info: |   6   |   ff00::/8  |    ::   |   enp0s8  |   U   |
[   21.392751] cloud-init[1101]: ci-info: |   7   |   ff00::/8  |    ::   |   enp0s3  |   U   |
[   21.394775] cloud-init[1101]: ci-info: +-------+-------------+---------+-----------+-------+
[[0;32m  OK  [0m] Started Initial cloud-init job (metadata service crawler).
[[0;32m  OK  [0m] Reached target System Initialization.
[[0;32m  OK  [0m] Started Daily apt download activities.
[[0;32m  OK  [0m] Listening on ACPID Listen Socket.
[[0;32m  OK  [0m] Started ACPI Events Check.
[[0;32m  OK  [0m] Reached target Paths.
[[0;32m  OK  [0m] Started Daily apt upgrade and clean activities.
         Starting LXD - unix socket.
[[0;32m  OK  [0m] Started Daily Cleanup of Temporary Directories.
[[0;32m  OK  [0m] Listening on D-Bus System Message Bus Socket.
         Starting Socket activation for snappy daemon.
[[0;32m  OK  [0m] Listening on UUID daemon activation socket.
[[0;32m  OK  [0m] Started Message of the Day.
[[0;32m  OK  [0m] Reached target Timers.
[[0;32m  OK  [0m] Reached target Cloud-config availability.
[[0;32m  OK  [0m] Reached target Network is Online.
         Starting iSCSI initiator daemon (iscsid)...
[[0;32m  OK  [0m] Listening on LXD - unix socket.
[[0;32m  OK  [0m] Listening on Socket activation for snappy daemon.
[[0;32m  OK  [0m] Reached target Sockets.
[[0;32m  OK  [0m] Reached target Basic System.
[[0;32m  OK  [0m] Started Supervisor process control system for UNIX.
         Starting MySQL Community Server...
         Starting Accounts Service...
         Starting Login Service...
         Starting LXD - container startup/shutdown...
         Starting LSB: MD monitoring daemon...
[[0;32m  OK  [0m] Started Regular background program processing daemon.
[[0;32m  OK  [0m] Started Deferred execution scheduler.
         Starting A high performance web server and a reverse proxy server...
         Starting OpenBSD Secure Shell server...
         Starting /etc/rc.local Compatibility...
         Starting System Logging Service...
[[0;32m  OK  [0m] Started FUSE filesystem for LXC.
         Starting Snappy daemon...
[[0;32m  OK  [0m] Started ACPI event daemon.
[[0;32m  OK  [0m] Started D-Bus System Message Bus.
         Starting Virtualbox guest utils...
         Starting LSB: Record successful boot for GRUB...
[[0;32m  OK  [0m] Started System Logging Service.
[[0;32m  OK  [0m] Started /etc/rc.local Compatibility.
[[0;32m  OK  [0m] Started Login Service.
[[0;32m  OK  [0m] Started Unattended Upgrades Shutdown.
[[0;32m  OK  [0m] Started iSCSI initiator daemon (iscsid).
         Starting Login to default iSCSI targets...
[[0;32m  OK  [0m] Started OpenBSD Secure Shell server.
[[0;32m  OK  [0m] Started Login to default iSCSI targets.
[[0;32m  OK  [0m] Reached target Remote File Systems (Pre).
[[0;32m  OK  [0m] Reached target Remote File Systems.
         Starting LSB: Set the CPU Frequency Scaling governor to "ondemand"...
         Starting Permit User Sessions...
         Starting LSB: daemon to balance interrupts for SMP systems...
         Starting LSB: automatic crash report generation...
[[0;32m  OK  [0m] Started LSB: Set the CPU Frequency Scaling governor to "ondemand".
[[0;32m  OK  [0m] Started LSB: Record successful boot for GRUB.
         Starting Authenticate and Authorize Users to Run Privileged Tasks...
[[0;32m  OK  [0m] Started Permit User Sessions.
         Starting Terminate Plymouth Boot Screen...
         Starting Hold until boot process finishes up...
[[0;32m  OK  [0m] Started Hold until boot process finishes up.
[[0;32m  OK  [0m] Started Terminate Plymouth Boot Screen.
[[0;32m  OK  [0m] Started Serial Getty on ttyS0.
         Starting Set console scheme...
[[0;32m  OK  [0m] Started Getty on tty1.
[[0;32m  OK  [0m] Reached target Login Prompts.
[[0;32m  OK  [0m] Started Set console scheme.
[[0;32m  OK  [0m] Started LSB: automatic crash report generation.
[[0;32m  OK  [0m] Started LSB: MD monitoring daemon.
[[0;32m  OK  [0m] Started LSB: daemon to balance interrupts for SMP systems.
[[0;32m  OK  [0m] Started Virtualbox guest utils.
[[0;32m  OK  [0m] Started Authenticate and Authorize Users to Run Privileged Tasks.
[[0;32m  OK  [0m] Started Accounts Service.
[[0;32m  OK  [0m] Started A high performance web server and a reverse proxy server.
[[0;32m  OK  [0m] Created slice User Slice of vagrant.
         Starting User Manager for UID 1000...
[[0;32m  OK  [0m] Started Session 1 of user vagrant.

Ubuntu 16.04.6 LTS ubuntu-xenial ttyS0

ubuntu-xenial login: [   32.864693] cloud-init[1446]: Cloud-init v. 19.4-33-gbb4131a2-0ubuntu1~16.04.1 running 'modules:config' at Wed, 24 Jun 2020 06:12:29 +0000. Up 31.90 seconds.
[   38.778031] cloud-init[1811]: Cloud-init v. 19.4-33-gbb4131a2-0ubuntu1~16.04.1 running 'modules:final' at Wed, 24 Jun 2020 06:12:36 +0000. Up 38.52 seconds.
[   38.778607] cloud-init[1811]: Cloud-init v. 19.4-33-gbb4131a2-0ubuntu1~16.04.1 finished at Wed, 24 Jun 2020 06:12:36 +0000. Datasource DataSourceNoCloud [seed=/dev/sdb][dsmode=net].  Up 38.77 seconds
